<?xml version="1.0" encoding="UTF-8"?>
<!-- Generated by org.testng.reporters.JUnitXMLReporter -->
<testsuite ignored="0" hostname="TBS-20" failures="1" tests="3" name="Test" time="6.821" errors="0" timestamp="27 Jul 2022 09:45:09 GMT">
  <testcase classname="testscript.Login" name="browseropen" time="0.028"/>
  <testcase classname="testscript.Login" name="validlogin" time="0.38"/>
  <testcase classname="testscript.Login" name="validloginsession" time="0.409">
    <failure type="java.lang.NullPointerException" message="Cannot invoke &amp;quot;String.equalsIgnoreCase(String)&amp;quot; because the return value of &amp;quot;java.util.Properties.getProperty(String)&amp;quot; is null">
      <![CDATA[java.lang.NullPointerException: Cannot invoke "String.equalsIgnoreCase(String)" because the return value of "java.util.Properties.getProperty(String)" is null
at testscript.Login.validloginsession(Login.java:59)
... Removed 25 stack frames]]>
    </failure>
  </testcase> <!-- validloginsession -->
</testsuite> <!-- Test -->
