<?xml version="1.0" encoding="UTF-8"?>
<!-- Generated by org.testng.reporters.JUnitXMLReporter -->
<testsuite ignored="4" hostname="TBS-25" failures="0" tests="3" name="Test" time="54.595" errors="0" timestamp="02 Aug 2022 06:17:58 GMT">
  <testcase classname="testscript.Login" name="browseropen" time="0.109"/>
  <testcase classname="testscript.Login" name="validlogin" time="0.479"/>
  <testcase classname="testscript.Itemclass" name="itemclassscript" time="48.109"/>
  <testcase classname="testscript.Baseclass" name="@BeforeSuite reportSetup" time="0.0">
    <ignored/>
  </testcase> <!-- @BeforeSuite reportSetup -->
  <testcase classname="testscript.Baseclass" name="@BeforeTest setup" time="0.0">
    <ignored/>
  </testcase> <!-- @BeforeTest setup -->
  <testcase classname="testscript.Login" name="validloginsession" time="0.0">
    <ignored/>
  </testcase> <!-- validloginsession -->
  <testcase classname="testscript.Baseclass" name="@AfterTest reportgeneration" time="0.0">
    <ignored/>
  </testcase> <!-- @AfterTest reportgeneration -->
</testsuite> <!-- Test -->
