<?xml version="1.0" encoding="UTF-8"?>
<!-- Generated by org.testng.reporters.JUnitXMLReporter -->
<testsuite ignored="4" hostname="TBS-20" failures="0" tests="2" name="Test" time="4.982" errors="0" timestamp="04 Aug 2022 09:21:03 GMT">
  <testcase classname="testscript.Login" name="browseropen" time="0.076"/>
  <testcase classname="testscript.Login" name="validlogin" time="0.593"/>
  <testcase classname="testscript.Baseclass" name="@BeforeSuite reportSetup" time="0.0">
    <ignored/>
  </testcase> <!-- @BeforeSuite reportSetup -->
  <testcase classname="testscript.Baseclass" name="@BeforeTest setup" time="0.0">
    <ignored/>
  </testcase> <!-- @BeforeTest setup -->
  <testcase classname="testscript.Login" name="validloginsession" time="0.0">
    <ignored/>
  </testcase> <!-- validloginsession -->
  <testcase classname="testscript.Baseclass" name="@AfterTest reportgeneration" time="0.0">
    <ignored/>
  </testcase> <!-- @AfterTest reportgeneration -->
</testsuite> <!-- Test -->
