<?xml version="1.0" encoding="UTF-8"?>
<testng-results ignored="7" total="15" passed="7" failed="1" skipped="0">
  <reporter-output>
  </reporter-output>
  <suite started-at="2022-08-02T10:50:38Z" name="Suite" finished-at="2022-08-02T10:56:37Z" duration-ms="358653">
    <groups>
    </groups>
    <test started-at="2022-08-02T10:50:38Z" name="Test" finished-at="2022-08-02T10:56:37Z" duration-ms="358653">
      <class name="testscript.Itemclass">
        <test-method signature="itemclassscript()[pri:0, instance:testscript.Itemclass@600b90df]" started-at="2022-08-02T10:50:45Z" name="itemclassscript" finished-at="2022-08-02T10:52:18Z" duration-ms="92306" status="PASS">
          <reporter-output>
          </reporter-output>
        </test-method> <!-- itemclassscript -->
        <test-method signature="itemclassedit()[pri:0, instance:testscript.Itemclass@600b90df]" started-at="2022-08-02T10:52:18Z" name="itemclassedit" finished-at="2022-08-02T10:52:35Z" depends-on-methods="testscript.Itemclass.itemclassscript" duration-ms="17805" status="PASS">
          <reporter-output>
          </reporter-output>
        </test-method> <!-- itemclassedit -->
        <test-method signature="itemclassdelete()[pri:0, instance:testscript.Itemclass@600b90df]" started-at="2022-08-02T10:52:35Z" name="itemclassdelete" finished-at="2022-08-02T10:52:37Z" depends-on-methods="testscript.Itemclass.itemclassedit" duration-ms="1344" status="FAIL">
          <exception class="org.openqa.selenium.ElementClickInterceptedException">
            <message>
              <![CDATA[element click intercepted: Element <span _ngcontent-xwo-c144="" class="searchIcon">...</span> is not clickable at point (1014, 178). Other element would receive the click: <div class="ng-tns-c14-22 p-dialog-mask p-component-overlay p-component-overlay-enter p-dialog-mask-scrollblocker" style="z-index: 1100;">...</div>
  (Session info: chrome=103.0.5060.134)
Build info: version: '4.0.0-alpha-2', revision: 'f148142cf8', time: '2019-07-01T20:55:26'
System info: host: 'TBS-25', ip: '192.168.200.51', os.name: 'Windows 10', os.arch: 'amd64', os.version: '10.0', java.version: '17.0.1'
Driver info: org.openqa.selenium.chrome.ChromeDriver
Capabilities {acceptInsecureCerts: false, browserName: chrome, browserVersion: 103.0.5060.134, chrome: {chromedriverVersion: 103.0.5060.134 (8ec6fce403b..., userDataDir: C:\Users\Admin\AppData\Loca...}, goog:chromeOptions: {debuggerAddress: localhost:49387}, javascriptEnabled: true, networkConnectionEnabled: false, pageLoadStrategy: normal, platform: WINDOWS, platformName: WINDOWS, proxy: Proxy(), setWindowRect: true, strictFileInteractability: false, timeouts: {implicit: 0, pageLoad: 300000, script: 30000}, unhandledPromptBehavior: dismiss and notify, webauthn:extension:credBlob: true, webauthn:extension:largeBlob: true, webauthn:virtualAuthenticators: true}
Session ID: d2de39dada9de0eac0473364fc62fc48]]>
            </message>
            <full-stacktrace>
              <![CDATA[org.openqa.selenium.ElementClickInterceptedException: element click intercepted: Element <span _ngcontent-xwo-c144="" class="searchIcon">...</span> is not clickable at point (1014, 178). Other element would receive the click: <div class="ng-tns-c14-22 p-dialog-mask p-component-overlay p-component-overlay-enter p-dialog-mask-scrollblocker" style="z-index: 1100;">...</div>
  (Session info: chrome=103.0.5060.134)
Build info: version: '4.0.0-alpha-2', revision: 'f148142cf8', time: '2019-07-01T20:55:26'
System info: host: 'TBS-25', ip: '192.168.200.51', os.name: 'Windows 10', os.arch: 'amd64', os.version: '10.0', java.version: '17.0.1'
Driver info: org.openqa.selenium.chrome.ChromeDriver
Capabilities {acceptInsecureCerts: false, browserName: chrome, browserVersion: 103.0.5060.134, chrome: {chromedriverVersion: 103.0.5060.134 (8ec6fce403b..., userDataDir: C:\Users\Admin\AppData\Loca...}, goog:chromeOptions: {debuggerAddress: localhost:49387}, javascriptEnabled: true, networkConnectionEnabled: false, pageLoadStrategy: normal, platform: WINDOWS, platformName: WINDOWS, proxy: Proxy(), setWindowRect: true, strictFileInteractability: false, timeouts: {implicit: 0, pageLoad: 300000, script: 30000}, unhandledPromptBehavior: dismiss and notify, webauthn:extension:credBlob: true, webauthn:extension:largeBlob: true, webauthn:virtualAuthenticators: true}
Session ID: d2de39dada9de0eac0473364fc62fc48
at java.base/jdk.internal.reflect.NativeConstructorAccessorImpl.newInstance0(Native Method)
at java.base/jdk.internal.reflect.NativeConstructorAccessorImpl.newInstance(NativeConstructorAccessorImpl.java:77)
at java.base/jdk.internal.reflect.DelegatingConstructorAccessorImpl.newInstance(DelegatingConstructorAccessorImpl.java:45)
at java.base/java.lang.reflect.Constructor.newInstanceWithCaller(Constructor.java:499)
at java.base/java.lang.reflect.Constructor.newInstance(Constructor.java:480)
at org.openqa.selenium.remote.codec.w3c.W3CHttpResponseCodec.createException(W3CHttpResponseCodec.java:191)
at org.openqa.selenium.remote.codec.w3c.W3CHttpResponseCodec.decode(W3CHttpResponseCodec.java:125)
at org.openqa.selenium.remote.codec.w3c.W3CHttpResponseCodec.decode(W3CHttpResponseCodec.java:52)
at org.openqa.selenium.remote.HttpCommandExecutor.execute(HttpCommandExecutor.java:161)
at org.openqa.selenium.remote.service.DriverCommandExecutor.execute(DriverCommandExecutor.java:83)
at org.openqa.selenium.remote.RemoteWebDriver.execute(RemoteWebDriver.java:576)
at org.openqa.selenium.remote.RemoteWebElement.execute(RemoteWebElement.java:308)
at org.openqa.selenium.remote.RemoteWebElement.click(RemoteWebElement.java:83)
at java.base/jdk.internal.reflect.NativeMethodAccessorImpl.invoke0(Native Method)
at java.base/jdk.internal.reflect.NativeMethodAccessorImpl.invoke(NativeMethodAccessorImpl.java:77)
at java.base/jdk.internal.reflect.DelegatingMethodAccessorImpl.invoke(DelegatingMethodAccessorImpl.java:43)
at java.base/java.lang.reflect.Method.invoke(Method.java:568)
at org.openqa.selenium.support.pagefactory.internal.LocatingElementHandler.invoke(LocatingElementHandler.java:52)
at jdk.proxy2/jdk.proxy2.$Proxy14.click(Unknown Source)
at pagefactory.Common_objects.search(Common_objects.java:48)
at testscript.Itemclass.itemclassdelete(Itemclass.java:64)
at java.base/jdk.internal.reflect.NativeMethodAccessorImpl.invoke0(Native Method)
at java.base/jdk.internal.reflect.NativeMethodAccessorImpl.invoke(NativeMethodAccessorImpl.java:77)
at java.base/jdk.internal.reflect.DelegatingMethodAccessorImpl.invoke(DelegatingMethodAccessorImpl.java:43)
at java.base/java.lang.reflect.Method.invoke(Method.java:568)
at org.testng.internal.MethodInvocationHelper.invokeMethod(MethodInvocationHelper.java:124)
at org.testng.internal.Invoker.invokeMethod(Invoker.java:583)
at org.testng.internal.Invoker.invokeTestMethod(Invoker.java:719)
at org.testng.internal.Invoker.invokeTestMethods(Invoker.java:989)
at org.testng.internal.TestMethodWorker.invokeTestMethods(TestMethodWorker.java:125)
at org.testng.internal.TestMethodWorker.run(TestMethodWorker.java:109)
at org.testng.TestRunner.privateRun(TestRunner.java:648)
at org.testng.TestRunner.run(TestRunner.java:505)
at org.testng.SuiteRunner.runTest(SuiteRunner.java:455)
at org.testng.SuiteRunner.runSequentially(SuiteRunner.java:450)
at org.testng.SuiteRunner.privateRun(SuiteRunner.java:415)
at org.testng.SuiteRunner.run(SuiteRunner.java:364)
at org.testng.SuiteRunnerWorker.runSuite(SuiteRunnerWorker.java:52)
at org.testng.SuiteRunnerWorker.run(SuiteRunnerWorker.java:84)
at org.testng.TestNG.runSuitesSequentially(TestNG.java:1208)
at org.testng.TestNG.runSuitesLocally(TestNG.java:1137)
at org.testng.TestNG.runSuites(TestNG.java:1049)
at org.testng.TestNG.run(TestNG.java:1017)
at org.testng.remote.AbstractRemoteTestNG.run(AbstractRemoteTestNG.java:115)
at org.testng.remote.RemoteTestNG.initAndRun(RemoteTestNG.java:251)
at org.testng.remote.RemoteTestNG.main(RemoteTestNG.java:77)
]]>
            </full-stacktrace>
          </exception> <!-- org.openqa.selenium.ElementClickInterceptedException -->
          <reporter-output>
          </reporter-output>
        </test-method> <!-- itemclassdelete -->
      </class> <!-- testscript.Itemclass -->
      <class name="testscript.Itemfamily">
        <test-method signature="itemfamilyscript()[pri:0, instance:testscript.Itemfamily@7c8c9a05]" started-at="2022-08-02T10:52:37Z" name="itemfamilyscript" finished-at="2022-08-02T10:54:39Z" duration-ms="122397" status="PASS">
          <reporter-output>
          </reporter-output>
        </test-method> <!-- itemfamilyscript -->
        <test-method signature="itemFamilyedit()[pri:1, instance:testscript.Itemfamily@7c8c9a05]" started-at="2022-08-02T10:54:39Z" name="itemFamilyedit" finished-at="2022-08-02T10:56:09Z" duration-ms="90339" status="PASS">
          <reporter-output>
          </reporter-output>
        </test-method> <!-- itemFamilyedit -->
        <test-method signature="itemFamilydelete()[pri:2, instance:testscript.Itemfamily@7c8c9a05]" started-at="2022-08-02T10:56:09Z" name="itemFamilydelete" finished-at="2022-08-02T10:56:37Z" duration-ms="27123" status="PASS">
          <reporter-output>
          </reporter-output>
        </test-method> <!-- itemFamilydelete -->
      </class> <!-- testscript.Itemfamily -->
      <class name="testscript.Login">
        <test-method is-config="true" signature="reportSetup()[pri:0, instance:testscript.Login@26ceffa8]" started-at="2022-08-02T10:50:38Z" name="reportSetup" finished-at="2022-08-02T10:50:38Z" duration-ms="330" status="PASS">
          <reporter-output>
          </reporter-output>
        </test-method> <!-- reportSetup -->
        <test-method is-config="true" signature="setup()[pri:0, instance:testscript.Login@26ceffa8]" started-at="2022-08-02T10:50:38Z" name="setup" finished-at="2022-08-02T10:50:45Z" duration-ms="6274" status="PASS">
          <reporter-output>
          </reporter-output>
        </test-method> <!-- setup -->
        <test-method signature="browseropen()[pri:0, instance:testscript.Login@26ceffa8]" started-at="2022-08-02T10:50:45Z" name="browseropen" finished-at="2022-08-02T10:50:45Z" duration-ms="128" status="PASS">
          <reporter-output>
          </reporter-output>
        </test-method> <!-- browseropen -->
        <test-method signature="validlogin()[pri:0, instance:testscript.Login@26ceffa8]" started-at="2022-08-02T10:50:45Z" name="validlogin" finished-at="2022-08-02T10:50:45Z" duration-ms="496" status="PASS">
          <reporter-output>
          </reporter-output>
        </test-method> <!-- validlogin -->
        <test-method is-config="true" signature="reportgeneration()[pri:0, instance:testscript.Login@26ceffa8]" started-at="2022-08-02T10:56:37Z" name="reportgeneration" finished-at="2022-08-02T10:56:37Z" duration-ms="392" status="PASS">
          <reporter-output>
          </reporter-output>
        </test-method> <!-- reportgeneration -->
      </class> <!-- testscript.Login -->
    </test> <!-- Test -->
  </suite> <!-- Suite -->
</testng-results>
