<?xml version="1.0" encoding="UTF-8"?>
<testng-results ignored="4" total="7" passed="3" failed="0" skipped="0">
  <reporter-output>
  </reporter-output>
  <suite started-at="2022-08-02T06:17:03Z" name="Suite" finished-at="2022-08-02T06:17:58Z" duration-ms="54595">
    <groups>
    </groups>
    <test started-at="2022-08-02T06:17:03Z" name="Test" finished-at="2022-08-02T06:17:58Z" duration-ms="54595">
      <class name="testscript.Itemclass">
        <test-method signature="itemclassscript()[pri:0, instance:testscript.Itemclass@132e0cc]" started-at="2022-08-02T06:17:09Z" name="itemclassscript" finished-at="2022-08-02T06:17:57Z" duration-ms="48109" status="PASS">
          <reporter-output>
          </reporter-output>
        </test-method> <!-- itemclassscript -->
      </class> <!-- testscript.Itemclass -->
      <class name="testscript.Login">
        <test-method is-config="true" signature="reportSetup()[pri:0, instance:testscript.Login@2c78d320]" started-at="2022-08-02T06:17:03Z" name="reportSetup" finished-at="2022-08-02T06:17:03Z" duration-ms="332" status="PASS">
          <reporter-output>
          </reporter-output>
        </test-method> <!-- reportSetup -->
        <test-method is-config="true" signature="setup()[pri:0, instance:testscript.Login@2c78d320]" started-at="2022-08-02T06:17:03Z" name="setup" finished-at="2022-08-02T06:17:09Z" duration-ms="5464" status="PASS">
          <reporter-output>
          </reporter-output>
        </test-method> <!-- setup -->
        <test-method signature="browseropen()[pri:0, instance:testscript.Login@2c78d320]" started-at="2022-08-02T06:17:09Z" name="browseropen" finished-at="2022-08-02T06:17:09Z" duration-ms="109" status="PASS">
          <reporter-output>
          </reporter-output>
        </test-method> <!-- browseropen -->
        <test-method signature="validlogin()[pri:0, instance:testscript.Login@2c78d320]" started-at="2022-08-02T06:17:09Z" name="validlogin" finished-at="2022-08-02T06:17:09Z" duration-ms="479" status="PASS">
          <reporter-output>
          </reporter-output>
        </test-method> <!-- validlogin -->
        <test-method is-config="true" signature="reportgeneration()[pri:0, instance:testscript.Login@2c78d320]" started-at="2022-08-02T06:17:57Z" name="reportgeneration" finished-at="2022-08-02T06:17:58Z" duration-ms="400" status="PASS">
          <reporter-output>
          </reporter-output>
        </test-method> <!-- reportgeneration -->
      </class> <!-- testscript.Login -->
    </test> <!-- Test -->
  </suite> <!-- Suite -->
</testng-results>
